2026-01-18 11:14:36.960651 - User: AnonymousUser - Path: /admin
2026-01-18 11:14:36.981494 - User: AnonymousUser - Path: /admin/
2026-01-18 11:14:37.007706 - User: AnonymousUser - Path: /admin/login/
2026-01-18 11:14:52.132216 - User: AnonymousUser - Path: /admin/login/
2026-01-18 11:15:06.092062 - User: AnonymousUser - Path: /admin/login/
2026-01-18 11:22:12.313226 - User: AnonymousUser - Path: /admin/login/
2026-01-18 11:22:18.440337 - User: AnonymousUser - Path: /admin/login/
2026-01-18 11:22:30.812016 - User: AnonymousUser - Path: /admin/login/
2026-01-18 11:22:32.215545 - User: admin - Path: /admin/
2026-01-18 11:22:49.874504 - User: admin - Path: /admin/auth/
2026-01-18 11:22:53.193700 - User: admin - Path: /admin/
2026-01-18 11:22:54.809307 - User: admin - Path: /admin/auth/group/
2026-01-18 11:22:54.906552 - User: admin - Path: /admin/jsi18n/
2026-01-18 11:22:59.981992 - User: admin - Path: /admin/
2026-01-18 11:23:01.659287 - User: admin - Path: /
2026-01-18 11:23:05.151834 - User: admin - Path: /admin/
2026-01-18 11:36:57.095859 - User: admin - Path: /admin/
2026-01-18 11:37:14.881024 - User: admin - Path: /
2026-01-18 11:48:06.137120 - User: admin - Path: /api
2026-01-18 11:57:56.324888 - User: admin - Path: /api
2026-01-18 11:57:56.341703 - User: admin - Path: /api/
2026-01-18 11:58:11.538019 - User: admin - Path: /api/conversations/
2026-01-18 11:58:16.546543 - User: admin - Path: /api/messages/
2026-01-18 11:58:31.354708 - User: admin - Path: /api/
2026-01-18 11:58:41.936487 - User: admin - Path: /api/
2026-01-18 11:58:47.917184 - User: admin - Path: /api/conversations/
2026-01-18 11:59:43.413953 - User: admin - Path: /api-auth
2026-01-18 11:59:55.710435 - User: admin - Path: /admin
2026-01-18 11:59:55.730190 - User: admin - Path: /admin/
2026-01-18 12:00:04.447731 - User: admin - Path: /admin/auth/group/add/
2026-01-18 12:00:04.611262 - User: admin - Path: /admin/jsi18n/
2026-01-18 12:00:12.038026 - User: admin - Path: /admin/
2026-01-18 12:00:18.096072 - User: admin - Path: /admin/auth/group/
2026-01-18 12:00:18.191641 - User: admin - Path: /admin/jsi18n/
2026-01-18 12:00:21.505963 - User: admin - Path: /admin/auth/group/add/
2026-01-18 12:00:21.585285 - User: admin - Path: /admin/jsi18n/
2026-01-18 12:00:28.222690 - User: admin - Path: /admin/auth/group/
2026-01-18 12:00:32.186240 - User: admin - Path: /admin/
